<?xml version="1.0" encoding="UTF-8"?>
<!-- Generated by org.testng.reporters.JUnitXMLReporter -->
<testsuite hostname="EPKZKARW0456" tests="1" failures="1" timestamp="10 Dec 2015 04:15:00 GMT" time="0.002" errors="0">
  <testcase name="writeNewMail" time="0.001" classname="WriteNewMail">
    <failure type="java.lang.NullPointerException">
      <![CDATA[java.lang.NullPointerException
	at com.epam.NewMail.writeMail(NewMail.java:20)
	at WriteNewMail.writeNewMail(WriteNewMail.java:12)
	at runner.Runner.main(Runner.java:17)
	at com.intellij.rt.execution.application.AppMain.main(AppMain.java:140)
... Removed 25 stack frames]]>
    </failure>
  </testcase> <!-- writeNewMail -->
</testsuite>
