<?xml version="1.0" encoding="UTF-8"?>
<!-- Generated by org.testng.reporters.JUnitXMLReporter -->
<testsuite hostname="EPKZKARW0456" tests="6" failures="0" timestamp="10 Dec 2015 06:47:00 GMT" time="80.542" errors="0">
  <testcase name="logInTest" time="9.762" classname="LogInTest"/>
  <testcase name="writeNewMailTest" time="39.547" classname="LogInTest"/>
  <testcase name="checkMailTest" time="7.374" classname="LogInTest"/>
  <testcase name="checkDraftAfterSendingTest" time="6.811" classname="LogInTest"/>
  <testcase name="checkSentAfterSendingTest" time="3.249" classname="LogInTest"/>
  <testcase name="logOutTest" time="1.685" classname="LogInTest"/>
</testsuite>
